<?xml version="1.0" encoding="UTF-8"?>
<!-- Generated by org.testng.reporters.JUnitReportReporter -->
<testsuite hostname="DESKTOP-EQEMEST" failures="0" tests="3" name="testngpkg.CrossBrowserTesting" time="115.669" errors="0" timestamp="2023-09-19T10:02:46 IST" skipped="0">
  <testcase classname="testngpkg.CrossBrowserTesting" name="Test" time="14.447"/>
  <system-out/>
  <testcase classname="testngpkg.CrossBrowserTesting" name="Test" time="70.137"/>
  <system-out/>
  <testcase classname="testngpkg.CrossBrowserTesting" name="Test" time="31.085"/>
  <system-out/>
</testsuite> <!-- testngpkg.CrossBrowserTesting -->
