<?xml version="1.0" encoding="UTF-8"?>
<!-- Generated by org.testng.reporters.JUnitReportReporter -->
<testsuite hostname="DESKTOP-EQEMEST" failures="0" tests="1" name="testngpkg.Robotfileupload" time="23.965" errors="0" timestamp="2023-10-11T12:05:03 IST" skipped="0">
  <testcase classname="testngpkg.Robotfileupload" name="test" time="23.965"/>
  <system-out/>
</testsuite> <!-- testngpkg.Robotfileupload -->
