<?xml version="1.0" encoding="UTF-8"?>
<!-- Generated by org.testng.reporters.JUnitReportReporter -->
<testsuite hostname="DESKTOP-EQEMEST" failures="0" tests="1" name="testngpkg.Ebaypracticeques" time="44.745" errors="0" timestamp="2023-10-06T11:16:37 IST" skipped="0">
  <testcase classname="testngpkg.Ebaypracticeques" name="test1" time="44.745"/>
  <system-out/>
</testsuite> <!-- testngpkg.Ebaypracticeques -->
