<?xml version="1.0" encoding="UTF-8"?>
<!-- Generated by org.testng.reporters.JUnitReportReporter -->
<testsuite hostname="DESKTOP-EQEMEST" failures="0" tests="1" name="testngpkg.AmazonTask" time="68.064" errors="0" timestamp="2023-10-11T18:50:11 IST" skipped="0">
  <testcase classname="testngpkg.AmazonTask" name="test1" time="68.064"/>
  <system-out/>
</testsuite> <!-- testngpkg.AmazonTask -->
