<?xml version="1.0" encoding="UTF-8"?>
<!-- Generated by org.testng.reporters.JUnitReportReporter -->
<testsuite hostname="DESKTOP-EQEMEST" failures="0" tests="1" name="testngpkg.CopyPaste" time="4.018" errors="0" timestamp="2023-10-07T19:45:45 IST" skipped="0">
  <testcase classname="testngpkg.CopyPaste" name="test1" time="4.018"/>
  <system-out/>
</testsuite> <!-- testngpkg.CopyPaste -->
