<?xml version="1.0" encoding="UTF-8"?>
<!-- Generated by org.testng.reporters.JUnitReportReporter -->
<testsuite hostname="DESKTOP-EQEMEST" failures="0" tests="1" name="testngpkg.DragandDrop" time="6.312" errors="0" timestamp="2023-10-09T20:33:35 IST" skipped="0">
  <testcase classname="testngpkg.DragandDrop" name="test" time="6.312"/>
  <system-out/>
</testsuite> <!-- testngpkg.DragandDrop -->
