<?xml version="1.0" encoding="UTF-8"?>
<!-- Generated by org.testng.reporters.JUnitReportReporter -->
<testsuite hostname="DESKTOP-EQEMEST" failures="0" tests="1" name="testngpkg.Guru99rcandedc" time="26.623" errors="0" timestamp="2023-10-08T21:58:24 IST" skipped="0">
  <testcase classname="testngpkg.Guru99rcandedc" name="test1" time="26.623"/>
  <system-out/>
</testsuite> <!-- testngpkg.Guru99rcandedc -->
