<?xml version="1.0" encoding="UTF-8"?>
<!-- Generated by org.testng.reporters.JUnitReportReporter -->
<testsuite hostname="DESKTOP-EQEMEST" failures="0" tests="1" name="testngpkg.Ebaymouse" time="8.396" errors="0" timestamp="2023-10-08T22:53:21 IST" skipped="0">
  <testcase classname="testngpkg.Ebaymouse" name="test1" time="8.396"/>
  <system-out/>
</testsuite> <!-- testngpkg.Ebaymouse -->
