<?xml version="1.0" encoding="UTF-8"?>
<!-- Generated by org.testng.reporters.JUnitReportReporter -->
<testsuite hostname="DESKTOP-EQEMEST" failures="0" tests="1" name="testngpkg.Fileuploadpgm" time="18.865" errors="0" timestamp="2023-10-10T10:51:50 IST" skipped="0">
  <testcase classname="testngpkg.Fileuploadpgm" name="test" time="18.865"/>
  <system-out/>
</testsuite> <!-- testngpkg.Fileuploadpgm -->
