<?xml version="1.0" encoding="UTF-8"?>
<!-- Generated by org.testng.reporters.JUnitReportReporter -->
<testsuite hostname="DESKTOP-EQEMEST" failures="0" tests="1" name="testngpkg.TestngDemo" time="0.026" errors="0" timestamp="2023-09-16T10:56:36 IST" skipped="0">
  <testcase classname="testngpkg.TestngDemo" name="test1" time="0.026"/>
  <system-out/>
</testsuite> <!-- testngpkg.TestngDemo -->
