<?xml version="1.0" encoding="UTF-8"?>
<!-- Generated by org.testng.reporters.JUnitReportReporter -->
<testsuite hostname="DESKTOP-EQEMEST" failures="0" tests="1" name="testngpkg.Explicitwait" time="15.385" errors="0" timestamp="2023-10-09T19:45:03 IST" skipped="0">
  <testcase classname="testngpkg.Explicitwait" name="test1" time="15.385"/>
  <system-out/>
</testsuite> <!-- testngpkg.Explicitwait -->
