<?xml version="1.0" encoding="UTF-8"?>
<!-- Generated by org.testng.reporters.JUnitReportReporter -->
<testsuite hostname="DESKTOP-EQEMEST" failures="0" tests="1" name="testngpkg.Multipletabs" time="11.369" errors="0" timestamp="2023-10-11T19:30:00 IST" skipped="0">
  <testcase classname="testngpkg.Multipletabs" name="test1" time="11.369"/>
  <system-out/>
</testsuite> <!-- testngpkg.Multipletabs -->
